
4/22/2016, 12:29:01 PM

Operating System
  Name                        = Mac OS X
  Version                     = 10.11.3
  Architecture                = 64bit
  # CPUs                      = 4
  Memory                      = 4294967296

Node.js
  Node.js Version             = 0.12.7
  npm Version                 = 2.11.3

Titanium CLI
  CLI Version                 = 5.0.5

Titanium SDK
  SDK Version                 = 5.1.2.GA
  SDK Path                    = /Users/adilarif1/Library/Application Support/Titanium/mobilesdk/osx/5.1.2.GA
  Target Platform             = android

Command
  /usr/local/bin/node /Users/adilarif1/.appcelerator/install/5.1.0/package/node_modules/appc-cli-titanium/node_modules/titanium/bin/titanium build --platform android --log-level trace --sdk 5.1.2.GA --project-dir /Users/adilarif1/Documents/Appcelerator_Studio_Workspace/lobby --target device --android-sdk /Users/adilarif1/Library/android-sdk-macosx --device-id 00DA080743810AAQ --skip-js-minify --no-colors --no-progress-bars --no-prompt --prompt-type socket-bundle --prompt-port 49276 --plugin-paths /Users/adilarif1/.appcelerator/install/5.1.0/package/node_modules --config-file /var/folders/4f/r3k7mx356qg_s6p_98l0f11m0000gn/T/build-1461324534033.json --no-banner

[DEBUG]  Detecting modules in /Users/adilarif1/Library/Application Support/Titanium/modules
[DEBUG]  Detected android module: facebook 4.0.5 @ /Users/adilarif1/Library/Application Support/Titanium/modules/android/facebook/4.0.5
[DEBUG]  Detected android module: ti.cloudpush 3.4.1 @ /Users/adilarif1/Library/Application Support/Titanium/modules/android/ti.cloudpush/3.4.1
[DEBUG]  Detected android module: ti.map 2.3.4 @ /Users/adilarif1/Library/Application Support/Titanium/modules/android/ti.map/2.3.4
[DEBUG]  Detected commonjs module: ti.cloud 3.2.9 @ /Users/adilarif1/Library/Application Support/Titanium/modules/commonjs/ti.cloud/3.2.9
[DEBUG]  Detected iphone module: com.appcelerator.urlSession 2.0.0 @ /Users/adilarif1/Library/Application Support/Titanium/modules/iphone/com.appcelerator.urlSession/2.0.0
[DEBUG]  Detected iphone module: facebook 4.0.5 @ /Users/adilarif1/Library/Application Support/Titanium/modules/iphone/facebook/4.0.5
[DEBUG]  Detected iphone module: ti.coremotion 1.1.0 @ /Users/adilarif1/Library/Application Support/Titanium/modules/iphone/ti.coremotion/1.1.0
[DEBUG]  Detected iphone module: ti.map 2.5.2 @ /Users/adilarif1/Library/Application Support/Titanium/modules/iphone/ti.map/2.5.2
[DEBUG]  Detected iphone module: ti.safaridialog 1.0.3 @ /Users/adilarif1/Library/Application Support/Titanium/modules/iphone/ti.safaridialog/1.0.3
[DEBUG]  Detected iphone module: ti.touchid 1.2.0 @ /Users/adilarif1/Library/Application Support/Titanium/modules/iphone/ti.touchid/1.2.0
[DEBUG]  Looking for Titanium module id=ti.cloud version=latest platform=commonjs deploy-type=test
[INFO]   Found Titanium module id=ti.cloud version=3.2.9 platform=commonjs deploy-type=test path=/Users/adilarif1/Library/Application Support/Titanium/modules/commonjs/ti.cloud/3.2.9
[DEBUG]  No project level plugins to load
[TRACE]  Snapshotting build directory
[DEBUG]  Titanium SDK Android directory: /Users/adilarif1/Library/Application Support/Titanium/mobilesdk/osx/5.1.2.GA/android
[INFO]   Deploy type: test
[INFO]   Building for target: device
[INFO]   Building for device: 00DA080743810AAQ
[INFO]   Targeting Android SDK API: 23
[INFO]   Building for the following architectures: armeabi, armeabi-v7a, x86
[INFO]   Signing with keystore: /Users/adilarif1/Library/Application Support/Titanium/mobilesdk/osx/5.1.2.GA/android/dev_keystore (tidev)
[DEBUG]  App ID: com.lobby
[DEBUG]  Classname: Lobby
[INFO]   Debugging disabled
[INFO]   Profiler disabled
[INFO]   Forcing rebuild: JavaScript files need to be re-encrypted
[TRACE]  offline build file /var/folders/4f/r3k7mx356qg_s6p_98l0f11m0000gn/T/build-cc13fd564a5a454c5e5e821650498e7447b08d0e.json
[TRACE]  online 1
[TRACE]  sending request {"json":{"username":"adilarif1@icloud.com","session":"9186668939712e9eb128d068e8d106885d0fcc5d fgvyZqhhyXt7o/Aohx0yG7BPS4G/tbEGovERgMDcgIH8SE+E89d2VdcxFCruQNhuL5fU372dv6La3GJXsOUPoIxeCFgoZ0dxehyiUVLdBM8xXf78aXpcXvWLmTWRprmn1gJxtGDr5XtjssseysKww1UZB0woS51qQnJ+ECEU7gFzkBBd7QpVJA7oMJw98CWygomATpCUsQFxD2B9BOJxBqonwqi+dK4izp/IS0Xr9OYkT23n0VpqYXowRjt9QaFPmfKlOMaiAouBqprn7K5OqYNiRynhPsD4RJJTToFadp9iaDAsabNiTX6nTaU+py0L0wHYApFdtH/oTjWxqCv+nCss63KrBz3CBy4OgM90xqOkRNzKoT6zG6mIJDC2UTcJ4dwTKvfHDSVW05cjUJlUw2WHgOrr7uN87cmmOZuoLy21Lhu8T9C7DJN/R/6CgIjA9iP1dJ1eI2zYA4t18yWSnaA6HHPJVt7GkxEPBjFgkWvksjTz5FBmF9uccuJe0uOPdWyJHOvVCP830Bp50zDEyp7246AkdpOg+XmPr09hdOskQb0xJUl2BHveLZ/VGxSwzUmOIwIJtt/4rC7qeUWlU+ZjZjETSbo0Nt+Vgs+KFCFw4SCkNnV/FZDNioNxwFGsDYKjWz7RcrInJsuFDzyHgFMw8xLIfMb+F7wsnbCAFlo5St7C2bR3GTjiGCcKBlKXrZEynSXhXfvlLN7zxj/5oM+8ZZxCoqlRR0pMDxl/KdqJRhT7SVa4y5Ms/MnfAncUgzwm6Dye8Nbl5GlWUry56g==","ipaddress":"192.168.0.9","fingerprint":"ca9293969d13b57e49226483eab40fbf88da2b9f","fingerprint_description":"Mac OSX Serial Number: C02FMEM9DHJF","guid":"117f6106-51bc-4d4b-9222-f85030efce49","appid":"com.lobby","name":"lobby","org_id":100045309,"deploytype":"test","tiappxml":"<?xml version=\"1.0\" encoding=\"UTF-8\"?>\n<ti:app \n  xmlns:ti=\"http://ti.appcelerator.org\">\n  <id>com.lobby</id>\n  <name>lobby</name>\n  <version>1.0</version>\n  <publisher>adilarif1</publisher>\n  <url/>\n  <description>undefined</description>\n  <copyright>2016 by adilarif1</copyright>\n  <icon>appicon.png</icon>\n  <fullscreen>false</fullscreen>\n  <navbar-hidden>false</navbar-hidden>\n  <analytics>true</analytics>\n  <guid>117f6106-51bc-4d4b-9222-f85030efce49</guid>\n  <property name=\"ti.ui.defaultunit\" type=\"string\">dp</property>\n  <ios>\n    <plist>\n      <dict>\n        <key>UISupportedInterfaceOrientations~iphone</key>\n        <array>\n          <string>UIInterfaceOrientationPortrait</string>\n        </array>\n        <key>UISupportedInterfaceOrientations~ipad</key>\n        <array>\n          <string>UIInterfaceOrientationPortrait</string>\n          <string>UIInterfaceOrientationPortraitUpsideDown</string>\n          <string>UIInterfaceOrientationLandscapeLeft</string>\n          <string>UIInterfaceOrientationLandscapeRight</string>\n        </array>\n        <key>UIRequiresPersistentWiFi</key>\n        <false/>\n        <key>UIPrerenderedIcon</key>\n        <false/>\n        <key>UIStatusBarHidden</key>\n        <false/>\n        <key>UIStatusBarStyle</key>\n        <string>UIStatusBarStyleDefault</string>\n      </dict>\n    </plist>\n  </ios>\n  <android \n    xmlns:android=\"http://schemas.android.com/apk/res/android\"/>\n    <mobileweb>\n      <precache/>\n      <splash>\n        <enabled>true</enabled>\n        <inline-css-images>true</inline-css-images>\n      </splash>\n      <theme>default</theme>\n    </mobileweb>\n    <modules>\n      <module platform=\"commonjs\">ti.cloud</module>\n    </modules>\n    <deployment-targets>\n      <target device=\"android\">true</target>\n      <target device=\"ipad\">true</target>\n      <target device=\"iphone\">true</target>\n      <target device=\"mobileweb\">true</target>\n      <target device=\"windows\">false</target>\n    </deployment-targets>\n    <sdk-version>5.1.2.GA</sdk-version>\n    <property name=\"appc-app-id\" type=\"string\">56df7b1f9dc8e1f1687dad6f</property>\n    <property name=\"acs-authbase-url-development\" type=\"string\">***</property>\n    <property name=\"acs-base-url-development\" type=\"string\">***</property>\n    <property name=\"acs-oauth-secret-development\" type=\"string\">***</property>\n    <property name=\"acs-oauth-key-development\" type=\"string\">***</property>\n    <property name=\"acs-api-key-development\" type=\"string\">***</property>\n    <property name=\"acs-username-development\" type=\"string\">***</property>\n    <property name=\"acs-password-development\" type=\"string\">***</property>\n    <property name=\"acs-authbase-url-production\" type=\"string\">***</property>\n    <property name=\"acs-base-url-production\" type=\"string\">***</property>\n    <property name=\"acs-oauth-secret-production\" type=\"string\">***</property>\n    <property name=\"acs-oauth-key-production\" type=\"string\">***</property>\n    <property name=\"acs-api-key-production\" type=\"string\">***</property>\n    <property name=\"acs-username-production\" type=\"string\">***</property>\n    <property name=\"acs-password-production\" type=\"string\">***</property>\n    <property name=\"appc-org-id\" type=\"string\">100045309</property>\n    <property name=\"appc-creator-user-id\" type=\"string\">d3cd2233-caca-4e94-82af-af68feae1d20</property>\n  </ti:app>","modules":[{"id":"ti.cloud","platform":["commonjs"],"deployType":["test"],"modulePath":"/Users/adilarif1/Library/Application Support/Titanium/modules/commonjs/ti.cloud/3.2.9","version":"3.2.9","manifest":{"version":"3.2.9","description":"Appcelerator Cloud Services","author":"Dawson Toth, Jeff English, Jon Alter, Paul Lv, Michael Goff, and Pedro Enrique","license":"Appcelerator Commercial License","copyright":"Copyright (c) 2011-2014 by Appcelerator,  Inc.","name":"ti.cloud","moduleid":"ti.cloud","guid":"1056b5d2-2bb5-4339-b930-297637aeec4e","platform":"commonjs","minsdk":"2.1.0"},"native":false,"libFile":"/Users/adilarif1/Library/Application Support/Titanium/modules/commonjs/ti.cloud/3.2.9/ti.cloud.js"}]},"gzip":true,"followAllRedirects":true,"url":"https://security.appcelerator.com/build-verify"}
[TRACE]  result from /build-verify=> {"key":"tiAddyNADiOumRfwhGzJsw==","pepper":"x2Pl1Ft/AwpNWUYLdHMEKg==","hmacKey":"3Of6XJA0bexyBdzyDFO7tw==","o":100045309,"u":"d3cd2233-caca-4e94-82af-af68feae1d20","p":"free","i":"571a0b00fef69109120198d9","success":true}, err=null
[INFO]   JavaScript files need to be encrypted
[DEBUG]  Copying /Users/adilarif1/Documents/Appcelerator_Studio_Workspace/lobby/Resources
[DEBUG]  Ignoring /Users/adilarif1/Documents/Appcelerator_Studio_Workspace/lobby/Resources/.DS_Store
[WARN]   Overwriting file /Users/adilarif1/Documents/Appcelerator_Studio_Workspace/lobby/build/android/bin/assets/Resources/KS_nav_ui.png
[DEBUG]  Symlinking /Users/adilarif1/Documents/Appcelerator_Studio_Workspace/lobby/Resources/KS_nav_ui.png => /Users/adilarif1/Documents/Appcelerator_Studio_Workspace/lobby/build/android/bin/assets/Resources/KS_nav_ui.png
[WARN]   Overwriting file /Users/adilarif1/Documents/Appcelerator_Studio_Workspace/lobby/build/android/bin/assets/Resources/KS_nav_views.png
[DEBUG]  Symlinking /Users/adilarif1/Documents/Appcelerator_Studio_Workspace/lobby/Resources/KS_nav_views.png => /Users/adilarif1/Documents/Appcelerator_Studio_Workspace/lobby/build/android/bin/assets/Resources/KS_nav_views.png
[DEBUG]  Ignoring /Users/adilarif1/Documents/Appcelerator_Studio_Workspace/lobby/Resources/android
[DEBUG]  Ignoring /Users/adilarif1/Documents/Appcelerator_Studio_Workspace/lobby/Resources/images/.DS_Store
[WARN]   Overwriting file /Users/adilarif1/Documents/Appcelerator_Studio_Workspace/lobby/build/android/bin/assets/Resources/images/KS_nav_ui.png
[DEBUG]  Symlinking /Users/adilarif1/Documents/Appcelerator_Studio_Workspace/lobby/Resources/images/KS_nav_ui.png => /Users/adilarif1/Documents/Appcelerator_Studio_Workspace/lobby/build/android/bin/assets/Resources/images/KS_nav_ui.png
[WARN]   Overwriting file /Users/adilarif1/Documents/Appcelerator_Studio_Workspace/lobby/build/android/bin/assets/Resources/images/KS_nav_views.png
[DEBUG]  Symlinking /Users/adilarif1/Documents/Appcelerator_Studio_Workspace/lobby/Resources/images/KS_nav_views.png => /Users/adilarif1/Documents/Appcelerator_Studio_Workspace/lobby/build/android/bin/assets/Resources/images/KS_nav_views.png
[WARN]   Overwriting file /Users/adilarif1/Documents/Appcelerator_Studio_Workspace/lobby/build/android/bin/assets/Resources/images/arrow.png
[DEBUG]  Symlinking /Users/adilarif1/Documents/Appcelerator_Studio_Workspace/lobby/Resources/images/arrow.png => /Users/adilarif1/Documents/Appcelerator_Studio_Workspace/lobby/build/android/bin/assets/Resources/images/arrow.png
[WARN]   Overwriting file /Users/adilarif1/Documents/Appcelerator_Studio_Workspace/lobby/build/android/bin/assets/Resources/images/fox1.jpg
[DEBUG]  Symlinking /Users/adilarif1/Documents/Appcelerator_Studio_Workspace/lobby/Resources/images/fox1.jpg => /Users/adilarif1/Documents/Appcelerator_Studio_Workspace/lobby/build/android/bin/assets/Resources/images/fox1.jpg
[WARN]   Overwriting file /Users/adilarif1/Documents/Appcelerator_Studio_Workspace/lobby/build/android/bin/assets/Resources/images/index.html
[DEBUG]  Symlinking /Users/adilarif1/Documents/Appcelerator_Studio_Workspace/lobby/Resources/images/index.html => /Users/adilarif1/Documents/Appcelerator_Studio_Workspace/lobby/build/android/bin/assets/Resources/images/index.html
[WARN]   Overwriting file /Users/adilarif1/Documents/Appcelerator_Studio_Workspace/lobby/build/android/bin/assets/Resources/images/lobby.jpg
[DEBUG]  Symlinking /Users/adilarif1/Documents/Appcelerator_Studio_Workspace/lobby/Resources/images/lobby.jpg => /Users/adilarif1/Documents/Appcelerator_Studio_Workspace/lobby/build/android/bin/assets/Resources/images/lobby.jpg
[WARN]   Overwriting file /Users/adilarif1/Documents/Appcelerator_Studio_Workspace/lobby/build/android/bin/assets/Resources/images/lobby1.jpg
[DEBUG]  Symlinking /Users/adilarif1/Documents/Appcelerator_Studio_Workspace/lobby/Resources/images/lobby1.jpg => /Users/adilarif1/Documents/Appcelerator_Studio_Workspace/lobby/build/android/bin/assets/Resources/images/lobby1.jpg
[WARN]   Overwriting file /Users/adilarif1/Documents/Appcelerator_Studio_Workspace/lobby/build/android/bin/assets/Resources/images/lobby2.jpg
[DEBUG]  Symlinking /Users/adilarif1/Documents/Appcelerator_Studio_Workspace/lobby/Resources/images/lobby2.jpg => /Users/adilarif1/Documents/Appcelerator_Studio_Workspace/lobby/build/android/bin/assets/Resources/images/lobby2.jpg
[WARN]   Overwriting file /Users/adilarif1/Documents/Appcelerator_Studio_Workspace/lobby/build/android/bin/assets/Resources/images/lobby3.jpg
[DEBUG]  Symlinking /Users/adilarif1/Documents/Appcelerator_Studio_Workspace/lobby/Resources/images/lobby3.jpg => /Users/adilarif1/Documents/Appcelerator_Studio_Workspace/lobby/build/android/bin/assets/Resources/images/lobby3.jpg
[WARN]   Overwriting file /Users/adilarif1/Documents/Appcelerator_Studio_Workspace/lobby/build/android/bin/assets/Resources/images/lobby4.jpg
[DEBUG]  Symlinking /Users/adilarif1/Documents/Appcelerator_Studio_Workspace/lobby/Resources/images/lobby4.jpg => /Users/adilarif1/Documents/Appcelerator_Studio_Workspace/lobby/build/android/bin/assets/Resources/images/lobby4.jpg
[WARN]   Overwriting file /Users/adilarif1/Documents/Appcelerator_Studio_Workspace/lobby/build/android/bin/assets/Resources/images/lobby5.jpg
[DEBUG]  Symlinking /Users/adilarif1/Documents/Appcelerator_Studio_Workspace/lobby/Resources/images/lobby5.jpg => /Users/adilarif1/Documents/Appcelerator_Studio_Workspace/lobby/build/android/bin/assets/Resources/images/lobby5.jpg
[WARN]   Overwriting file /Users/adilarif1/Documents/Appcelerator_Studio_Workspace/lobby/build/android/bin/assets/Resources/images/lobby6.jpg
[DEBUG]  Symlinking /Users/adilarif1/Documents/Appcelerator_Studio_Workspace/lobby/Resources/images/lobby6.jpg => /Users/adilarif1/Documents/Appcelerator_Studio_Workspace/lobby/build/android/bin/assets/Resources/images/lobby6.jpg
[WARN]   Overwriting file /Users/adilarif1/Documents/Appcelerator_Studio_Workspace/lobby/build/android/bin/assets/Resources/images/lobbyLogo.png
[DEBUG]  Symlinking /Users/adilarif1/Documents/Appcelerator_Studio_Workspace/lobby/Resources/images/lobbyLogo.png => /Users/adilarif1/Documents/Appcelerator_Studio_Workspace/lobby/build/android/bin/assets/Resources/images/lobbyLogo.png
[WARN]   Overwriting file /Users/adilarif1/Documents/Appcelerator_Studio_Workspace/lobby/build/android/bin/assets/Resources/images/logo.png
[DEBUG]  Symlinking /Users/adilarif1/Documents/Appcelerator_Studio_Workspace/lobby/Resources/images/logo.png => /Users/adilarif1/Documents/Appcelerator_Studio_Workspace/lobby/build/android/bin/assets/Resources/images/logo.png
[DEBUG]  Ignoring /Users/adilarif1/Documents/Appcelerator_Studio_Workspace/lobby/Resources/iphone
[DEBUG]  Ignoring /Users/adilarif1/Documents/Appcelerator_Studio_Workspace/lobby/Resources/mobileweb
[DEBUG]  Copying /Users/adilarif1/Documents/Appcelerator_Studio_Workspace/lobby/Resources/android
[WARN]   Overwriting file /Users/adilarif1/Documents/Appcelerator_Studio_Workspace/lobby/build/android/bin/assets/Resources/appicon.png
[DEBUG]  Symlinking /Users/adilarif1/Documents/Appcelerator_Studio_Workspace/lobby/Resources/android/appicon.png => /Users/adilarif1/Documents/Appcelerator_Studio_Workspace/lobby/build/android/bin/assets/Resources/appicon.png
[DEBUG]  Symlinking /Users/adilarif1/Documents/Appcelerator_Studio_Workspace/lobby/Resources/android/default.png => /Users/adilarif1/Documents/Appcelerator_Studio_Workspace/lobby/build/android/res/drawable/background.png
[DEBUG]  Symlinking /Users/adilarif1/Documents/Appcelerator_Studio_Workspace/lobby/Resources/android/images/res-long-land-hdpi/default.png => /Users/adilarif1/Documents/Appcelerator_Studio_Workspace/lobby/build/android/res/drawable-long-land-hdpi/background.png
[DEBUG]  Symlinking /Users/adilarif1/Documents/Appcelerator_Studio_Workspace/lobby/Resources/android/images/res-long-land-ldpi/default.png => /Users/adilarif1/Documents/Appcelerator_Studio_Workspace/lobby/build/android/res/drawable-long-land-ldpi/background.png
[DEBUG]  Symlinking /Users/adilarif1/Documents/Appcelerator_Studio_Workspace/lobby/Resources/android/images/res-long-port-hdpi/default.png => /Users/adilarif1/Documents/Appcelerator_Studio_Workspace/lobby/build/android/res/drawable-long-port-hdpi/background.png
[DEBUG]  Symlinking /Users/adilarif1/Documents/Appcelerator_Studio_Workspace/lobby/Resources/android/images/res-long-port-ldpi/default.png => /Users/adilarif1/Documents/Appcelerator_Studio_Workspace/lobby/build/android/res/drawable-long-port-ldpi/background.png
[DEBUG]  Symlinking /Users/adilarif1/Documents/Appcelerator_Studio_Workspace/lobby/Resources/android/images/res-notlong-land-hdpi/default.png => /Users/adilarif1/Documents/Appcelerator_Studio_Workspace/lobby/build/android/res/drawable-notlong-land-hdpi/background.png
[DEBUG]  Symlinking /Users/adilarif1/Documents/Appcelerator_Studio_Workspace/lobby/Resources/android/images/res-notlong-land-ldpi/default.png => /Users/adilarif1/Documents/Appcelerator_Studio_Workspace/lobby/build/android/res/drawable-notlong-land-ldpi/background.png
[DEBUG]  Symlinking /Users/adilarif1/Documents/Appcelerator_Studio_Workspace/lobby/Resources/android/images/res-notlong-land-mdpi/default.png => /Users/adilarif1/Documents/Appcelerator_Studio_Workspace/lobby/build/android/res/drawable-notlong-land-mdpi/background.png
[DEBUG]  Symlinking /Users/adilarif1/Documents/Appcelerator_Studio_Workspace/lobby/Resources/android/images/res-notlong-port-hdpi/default.png => /Users/adilarif1/Documents/Appcelerator_Studio_Workspace/lobby/build/android/res/drawable-notlong-port-hdpi/background.png
[DEBUG]  Symlinking /Users/adilarif1/Documents/Appcelerator_Studio_Workspace/lobby/Resources/android/images/res-notlong-port-ldpi/default.png => /Users/adilarif1/Documents/Appcelerator_Studio_Workspace/lobby/build/android/res/drawable-notlong-port-ldpi/background.png
[DEBUG]  Symlinking /Users/adilarif1/Documents/Appcelerator_Studio_Workspace/lobby/Resources/android/images/res-notlong-port-mdpi/default.png => /Users/adilarif1/Documents/Appcelerator_Studio_Workspace/lobby/build/android/res/drawable-notlong-port-mdpi/background.png
[DEBUG]  Copying /Users/adilarif1/Library/Application Support/Titanium/modules/commonjs/ti.cloud/3.2.9/ti.cloud.js
[DEBUG]  Copying /Users/adilarif1/Library/Application Support/Titanium/modules/commonjs/ti.cloud/3.2.9/assets
[DEBUG]  Symlinking /Users/adilarif1/Documents/Appcelerator_Studio_Workspace/lobby/build/android/bin/assets/Resources/appicon.png => /Users/adilarif1/Documents/Appcelerator_Studio_Workspace/lobby/build/android/res/drawable/appicon.png
[INFO]   Processing JavaScript files
[DEBUG]  Symlinking /Users/adilarif1/Documents/Appcelerator_Studio_Workspace/lobby/Resources/app.js => /Users/adilarif1/Documents/Appcelerator_Studio_Workspace/lobby/build/android/assets/app.js
[DEBUG]  Symlinking /Users/adilarif1/Documents/Appcelerator_Studio_Workspace/lobby/Resources/ui/common/ApplicationTabGroup.js => /Users/adilarif1/Documents/Appcelerator_Studio_Workspace/lobby/build/android/assets/ui/common/ApplicationTabGroup.js
[DEBUG]  Symlinking /Users/adilarif1/Documents/Appcelerator_Studio_Workspace/lobby/Resources/ui/handheld/ApplicationWindow.js => /Users/adilarif1/Documents/Appcelerator_Studio_Workspace/lobby/build/android/assets/ui/handheld/ApplicationWindow.js
[DEBUG]  Symlinking /Users/adilarif1/Documents/Appcelerator_Studio_Workspace/lobby/Resources/ui/tablet/ApplicationWindow.js => /Users/adilarif1/Documents/Appcelerator_Studio_Workspace/lobby/build/android/assets/ui/tablet/ApplicationWindow.js
[DEBUG]  Symlinking /Users/adilarif1/Library/Application Support/Titanium/modules/commonjs/ti.cloud/3.2.9/ti.cloud.js => /Users/adilarif1/Documents/Appcelerator_Studio_Workspace/lobby/build/android/assets/ti.cloud.js
[INFO]   Encrypting JavaScript files: /Users/adilarif1/Library/Application Support/Titanium/mobilesdk/osx/5.1.2.GA/android/titanium_prep.macos "com.lobby" "/Users/adilarif1/Documents/Appcelerator_Studio_Workspace/lobby/build/android/assets" "app.js" "ui/common/ApplicationTabGroup.js" "ui/handheld/ApplicationWindow.js" "ui/tablet/ApplicationWindow.js" "ti.cloud.js" "_app_props_.json"
[DEBUG]  Adding library /Users/adilarif1/Library/Application Support/Titanium/mobilesdk/osx/5.1.2.GA/android/kroll-v8.jar
[DEBUG]  Adding library /Users/adilarif1/Library/Application Support/Titanium/mobilesdk/osx/5.1.2.GA/android/modules/titanium-analytics.jar
[DEBUG]  Adding dependency library /Users/adilarif1/Library/Application Support/Titanium/mobilesdk/osx/5.1.2.GA/android/aps-analytics.jar
[DEBUG]  Adding library /Users/adilarif1/Library/Application Support/Titanium/mobilesdk/osx/5.1.2.GA/android/modules/titanium-android.jar
[DEBUG]  Adding dependency library /Users/adilarif1/Library/Application Support/Titanium/mobilesdk/osx/5.1.2.GA/android/jaxen-1.1.1.jar
[DEBUG]  Adding dependency library /Users/adilarif1/Library/Application Support/Titanium/mobilesdk/osx/5.1.2.GA/android/ti-commons-codec-1.3.jar
[DEBUG]  Adding dependency library /Users/adilarif1/Library/Application Support/Titanium/mobilesdk/osx/5.1.2.GA/android/kroll-common.jar
[DEBUG]  Adding dependency library /Users/adilarif1/Library/Application Support/Titanium/mobilesdk/osx/5.1.2.GA/android/titanium.jar
[DEBUG]  Adding library /Users/adilarif1/Library/Application Support/Titanium/mobilesdk/osx/5.1.2.GA/android/modules/titanium-app.jar
[DEBUG]  Adding library /Users/adilarif1/Library/Application Support/Titanium/mobilesdk/osx/5.1.2.GA/android/modules/titanium-ui.jar
[DEBUG]  Adding dependency library /Users/adilarif1/Library/Application Support/Titanium/mobilesdk/osx/5.1.2.GA/android/nineoldandroids-appc-2.4.0.jar
[DEBUG]  Adding library /Users/adilarif1/Library/Application Support/Titanium/mobilesdk/osx/5.1.2.GA/android/modules/titanium-filesystem.jar
[DEBUG]  Adding library /Users/adilarif1/Library/Application Support/Titanium/mobilesdk/osx/5.1.2.GA/android/modules/titanium-media.jar
[DEBUG]  Adding library /Users/adilarif1/Library/Application Support/Titanium/mobilesdk/osx/5.1.2.GA/android/modules/titanium-appcompat.jar
[DEBUG]  Adding dependency library /Users/adilarif1/Library/Application Support/Titanium/mobilesdk/osx/5.1.2.GA/android/android-support-v4.jar
[DEBUG]  Adding dependency library /Users/adilarif1/Library/Application Support/Titanium/mobilesdk/osx/5.1.2.GA/android/android-support-v7-appcompat.jar
[DEBUG]  Adding library /Users/adilarif1/Library/Application Support/Titanium/mobilesdk/osx/5.1.2.GA/android/modules/titanium-cardview.jar
[DEBUG]  Adding dependency library /Users/adilarif1/Library/Application Support/Titanium/mobilesdk/osx/5.1.2.GA/android/cardview-v7-23.0.1.jar
[DEBUG]  Adding library /Users/adilarif1/Library/Application Support/Titanium/mobilesdk/osx/5.1.2.GA/android/modules/titanium-locale.jar
[DEBUG]  Adding library /Users/adilarif1/Library/Application Support/Titanium/mobilesdk/osx/5.1.2.GA/android/modules/titanium-network.jar
[DEBUG]  Adding library /Users/adilarif1/Library/Application Support/Titanium/mobilesdk/osx/5.1.2.GA/android/modules/titanium-xml.jar
[DEBUG]  Unknown namespace api, skipping
[DEBUG]  Adding library /Users/adilarif1/Library/Application Support/Titanium/mobilesdk/osx/5.1.2.GA/android/modules/titanium-platform.jar
[DEBUG]  Unknown namespace app.deploytype, skipping
[DEBUG]  Unknown namespace ui.ios, skipping
[INFO]   Writing /Users/adilarif1/Documents/Appcelerator_Studio_Workspace/lobby/build/android/bin/assets/app.json
[INFO]   Extracting module resources: /Users/adilarif1/Library/Application Support/Titanium/mobilesdk/osx/5.1.2.GA/android/modules/titanium-analytics.res.zip
[DEBUG]  Copying /var/folders/4f/r3k7mx356qg_s6p_98l0f11m0000gn/T/116322-17531-vaxks6/res/values/strings.xml => /Users/adilarif1/Documents/Appcelerator_Studio_Workspace/lobby/build/android/res/values/strings.xml
[INFO]   Extracting module resources: /Users/adilarif1/Library/Application Support/Titanium/mobilesdk/osx/5.1.2.GA/android/modules/titanium-android.res.zip
[DEBUG]  Merging /var/folders/4f/r3k7mx356qg_s6p_98l0f11m0000gn/T/116322-17531-9cg0f5/res/values/strings.xml => /Users/adilarif1/Documents/Appcelerator_Studio_Workspace/lobby/build/android/res/values/strings.xml
[INFO]   Extracting module resources: /Users/adilarif1/Library/Application Support/Titanium/mobilesdk/osx/5.1.2.GA/android/modules/titanium-app.res.zip
[DEBUG]  Merging /var/folders/4f/r3k7mx356qg_s6p_98l0f11m0000gn/T/116322-17531-a3hgvs/res/values/strings.xml => /Users/adilarif1/Documents/Appcelerator_Studio_Workspace/lobby/build/android/res/values/strings.xml
[INFO]   Extracting module resources: /Users/adilarif1/Library/Application Support/Titanium/mobilesdk/osx/5.1.2.GA/android/modules/titanium-filesystem.res.zip
[DEBUG]  Merging /var/folders/4f/r3k7mx356qg_s6p_98l0f11m0000gn/T/116322-17531-jy8xxo/res/values/strings.xml => /Users/adilarif1/Documents/Appcelerator_Studio_Workspace/lobby/build/android/res/values/strings.xml
[INFO]   Extracting module resources: /Users/adilarif1/Library/Application Support/Titanium/mobilesdk/osx/5.1.2.GA/android/modules/titanium-media.res.zip
[DEBUG]  Merging /var/folders/4f/r3k7mx356qg_s6p_98l0f11m0000gn/T/116322-17531-ovpwgn/res/values/strings.xml => /Users/adilarif1/Documents/Appcelerator_Studio_Workspace/lobby/build/android/res/values/strings.xml
[INFO]   Extracting module resources: /Users/adilarif1/Library/Application Support/Titanium/mobilesdk/osx/5.1.2.GA/android/modules/titanium-locale.res.zip
[DEBUG]  Merging /var/folders/4f/r3k7mx356qg_s6p_98l0f11m0000gn/T/116322-17531-1hw0n7u/res/values/strings.xml => /Users/adilarif1/Documents/Appcelerator_Studio_Workspace/lobby/build/android/res/values/strings.xml
[INFO]   Extracting module resources: /Users/adilarif1/Library/Application Support/Titanium/mobilesdk/osx/5.1.2.GA/android/modules/titanium-network.res.zip
[DEBUG]  Merging /var/folders/4f/r3k7mx356qg_s6p_98l0f11m0000gn/T/116322-17531-flku1j/res/values/strings.xml => /Users/adilarif1/Documents/Appcelerator_Studio_Workspace/lobby/build/android/res/values/strings.xml
[INFO]   Extracting module resources: /Users/adilarif1/Library/Application Support/Titanium/mobilesdk/osx/5.1.2.GA/android/modules/titanium-xml.res.zip
[DEBUG]  Merging /var/folders/4f/r3k7mx356qg_s6p_98l0f11m0000gn/T/116322-17531-35m3ks/res/values/strings.xml => /Users/adilarif1/Documents/Appcelerator_Studio_Workspace/lobby/build/android/res/values/strings.xml
[INFO]   Extracting module resources: /Users/adilarif1/Library/Application Support/Titanium/mobilesdk/osx/5.1.2.GA/android/modules/titanium-platform.res.zip
[DEBUG]  Merging /var/folders/4f/r3k7mx356qg_s6p_98l0f11m0000gn/T/116322-17531-1eynyo4/res/values/strings.xml => /Users/adilarif1/Documents/Appcelerator_Studio_Workspace/lobby/build/android/res/values/strings.xml
[DEBUG]  Removing old file: /Users/adilarif1/Documents/Appcelerator_Studio_Workspace/lobby/build/android/.classpath
[DEBUG]  Removing old file: /Users/adilarif1/Documents/Appcelerator_Studio_Workspace/lobby/build/android/.gitignore
[DEBUG]  Removing old file: /Users/adilarif1/Documents/Appcelerator_Studio_Workspace/lobby/build/android/.project
[DEBUG]  Removing old file: /Users/adilarif1/Documents/Appcelerator_Studio_Workspace/lobby/build/android/AndroidManifest.xml
[DEBUG]  Removing old file: /Users/adilarif1/Documents/Appcelerator_Studio_Workspace/lobby/build/android/default.properties
[DEBUG]  Removing old file: /Users/adilarif1/Documents/Appcelerator_Studio_Workspace/lobby/build/android/java-sources.txt
[DEBUG]  Copying template /Users/adilarif1/Library/Application Support/Titanium/mobilesdk/osx/5.1.2.GA/android/templates/build/AppInfo.java => /Users/adilarif1/Documents/Appcelerator_Studio_Workspace/lobby/build/android/gen/com/lobby/LobbyAppInfo.java
[DEBUG]  Copying template /Users/adilarif1/Library/Application Support/Titanium/mobilesdk/osx/5.1.2.GA/android/templates/build/App.java => /Users/adilarif1/Documents/Appcelerator_Studio_Workspace/lobby/build/android/gen/com/lobby/LobbyApplication.java
[DEBUG]  Copying template /Users/adilarif1/Library/Application Support/Titanium/mobilesdk/osx/5.1.2.GA/android/templates/build/Activity.java => /Users/adilarif1/Documents/Appcelerator_Studio_Workspace/lobby/build/android/gen/com/lobby/LobbyActivity.java
[DEBUG]  Copying template /Users/adilarif1/Library/Application Support/Titanium/mobilesdk/osx/5.1.2.GA/android/templates/build/project => /Users/adilarif1/Documents/Appcelerator_Studio_Workspace/lobby/build/android/.project
[DEBUG]  Copying template /Users/adilarif1/Library/Application Support/Titanium/mobilesdk/osx/5.1.2.GA/android/templates/build/default.properties => /Users/adilarif1/Documents/Appcelerator_Studio_Workspace/lobby/build/android/default.properties
[DEBUG]  Copying /Users/adilarif1/Library/Application Support/Titanium/mobilesdk/osx/5.1.2.GA/android/templates/build/gitignore => /Users/adilarif1/Documents/Appcelerator_Studio_Workspace/lobby/build/android/.gitignore
[DEBUG]  Copying /Users/adilarif1/Library/Application Support/Titanium/mobilesdk/osx/5.1.2.GA/android/templates/build/classpath => /Users/adilarif1/Documents/Appcelerator_Studio_Workspace/lobby/build/android/.classpath
[INFO]   No aidl files to compile, continuing
[INFO]   Generating i18n files
[DEBUG]  Compiling localization files
[DEBUG]  Processing i18n file: en/strings.xml
[DEBUG]  Processing i18n file: ja/strings.xml
[DEBUG]  Merging en strings => /Users/adilarif1/Documents/Appcelerator_Studio_Workspace/lobby/build/android/res/values/strings.xml
[DEBUG]  Writing ja strings => /Users/adilarif1/Documents/Appcelerator_Studio_Workspace/lobby/build/android/res/values-ja/strings.xml
[INFO]   Generating /Users/adilarif1/Documents/Appcelerator_Studio_Workspace/lobby/build/android/res/values/theme.xml
[INFO]   Packaging application: /Users/adilarif1/Library/android-sdk-macosx/build-tools/23.0.1/aapt "package" "-f" "-m" "-J" "/Users/adilarif1/Documents/Appcelerator_Studio_Workspace/lobby/build/android/gen" "-M" "/Users/adilarif1/Documents/Appcelerator_Studio_Workspace/lobby/build/android/AndroidManifest.xml" "-A" "/Users/adilarif1/Documents/Appcelerator_Studio_Workspace/lobby/build/android/bin/assets" "-S" "/Users/adilarif1/Documents/Appcelerator_Studio_Workspace/lobby/build/android/res" "-I" "/Users/adilarif1/Library/android-sdk-macosx/platforms/android-23/android.jar" "-F" "/Users/adilarif1/Documents/Appcelerator_Studio_Workspace/lobby/build/android/bin/app.ap_" "--auto-add-overlay" "--extra-packages" "ti.modules.titanium.ui:android.support.v7.appcompat:android.support.v7.cardview" "-S" "/var/folders/4f/r3k7mx356qg_s6p_98l0f11m0000gn/T/116322-17531-m0jcvb/res" "-S" "/var/folders/4f/r3k7mx356qg_s6p_98l0f11m0000gn/T/116322-17531-rsn9vi/res" "-S" "/var/folders/4f/r3k7mx356qg_s6p_98l0f11m0000gn/T/116322-17531-1188fkj/res"
[INFO]   Building Java source files: /Library/Java/JavaVirtualMachines/jdk1.7.0_80.jdk/Contents/Home/bin/javac "-J-Xmx1024M" "-encoding" "utf8" "-bootclasspath" "/Users/adilarif1/Library/android-sdk-macosx/platforms/android-23/android.jar:/Users/adilarif1/Library/Application Support/Titanium/mobilesdk/osx/5.1.2.GA/android/kroll-v8.jar:/Users/adilarif1/Library/Application Support/Titanium/mobilesdk/osx/5.1.2.GA/android/modules/titanium-analytics.jar:/Users/adilarif1/Library/Application Support/Titanium/mobilesdk/osx/5.1.2.GA/android/aps-analytics.jar:/Users/adilarif1/Library/Application Support/Titanium/mobilesdk/osx/5.1.2.GA/android/modules/titanium-android.jar:/Users/adilarif1/Library/Application Support/Titanium/mobilesdk/osx/5.1.2.GA/android/jaxen-1.1.1.jar:/Users/adilarif1/Library/Application Support/Titanium/mobilesdk/osx/5.1.2.GA/android/ti-commons-codec-1.3.jar:/Users/adilarif1/Library/Application Support/Titanium/mobilesdk/osx/5.1.2.GA/android/kroll-common.jar:/Users/adilarif1/Library/Application Support/Titanium/mobilesdk/osx/5.1.2.GA/android/titanium.jar:/Users/adilarif1/Library/Application Support/Titanium/mobilesdk/osx/5.1.2.GA/android/modules/titanium-app.jar:/Users/adilarif1/Library/Application Support/Titanium/mobilesdk/osx/5.1.2.GA/android/modules/titanium-ui.jar:/Users/adilarif1/Library/Application Support/Titanium/mobilesdk/osx/5.1.2.GA/android/nineoldandroids-appc-2.4.0.jar:/Users/adilarif1/Library/Application Support/Titanium/mobilesdk/osx/5.1.2.GA/android/modules/titanium-filesystem.jar:/Users/adilarif1/Library/Application Support/Titanium/mobilesdk/osx/5.1.2.GA/android/modules/titanium-media.jar:/Users/adilarif1/Library/Application Support/Titanium/mobilesdk/osx/5.1.2.GA/android/modules/titanium-appcompat.jar:/Users/adilarif1/Library/Application Support/Titanium/mobilesdk/osx/5.1.2.GA/android/android-support-v4.jar:/Users/adilarif1/Library/Application Support/Titanium/mobilesdk/osx/5.1.2.GA/android/android-support-v7-appcompat.jar:/Users/adilarif1/Library/Application Support/Titanium/mobilesdk/osx/5.1.2.GA/android/modules/titanium-cardview.jar:/Users/adilarif1/Library/Application Support/Titanium/mobilesdk/osx/5.1.2.GA/android/cardview-v7-23.0.1.jar:/Users/adilarif1/Library/Application Support/Titanium/mobilesdk/osx/5.1.2.GA/android/modules/titanium-locale.jar:/Users/adilarif1/Library/Application Support/Titanium/mobilesdk/osx/5.1.2.GA/android/modules/titanium-network.jar:/Users/adilarif1/Library/Application Support/Titanium/mobilesdk/osx/5.1.2.GA/android/modules/titanium-xml.jar:/Users/adilarif1/Library/Application Support/Titanium/mobilesdk/osx/5.1.2.GA/android/modules/titanium-platform.jar:/Users/adilarif1/Library/Application Support/Titanium/mobilesdk/osx/5.1.2.GA/android/lib/titanium-verify.jar:R.class:AssetCryptImpl.class:LobbyActivity.class:LobbyAppInfo.class:LobbyApplication.class" "-d" "/Users/adilarif1/Documents/Appcelerator_Studio_Workspace/lobby/build/android/bin/classes" "-proc:none" "-target" "1.6" "-source" "1.6" "@/Users/adilarif1/Documents/Appcelerator_Studio_Workspace/lobby/build/android/java-sources.txt"
[INFO]   Running dexer: /Library/Java/JavaVirtualMachines/jdk1.7.0_80.jdk/Contents/Home/bin/java "-Xmx1024M" "-XX:-UseGCOverheadLimit" "-Djava.ext.dirs=/Users/adilarif1/Library/android-sdk-macosx/platform-tools" "-jar" "/Users/adilarif1/Library/android-sdk-macosx/build-tools/23.0.1/lib/dx.jar" "--dex" "--output=/Users/adilarif1/Documents/Appcelerator_Studio_Workspace/lobby/build/android/bin/classes.dex" "/Users/adilarif1/Documents/Appcelerator_Studio_Workspace/lobby/build/android/bin/classes" "/Users/adilarif1/Library/Application Support/Titanium/mobilesdk/osx/5.1.2.GA/android/lib/titanium-verify.jar" "/Users/adilarif1/Library/Application Support/Titanium/mobilesdk/osx/5.1.2.GA/android/kroll-v8.jar" "/Users/adilarif1/Library/Application Support/Titanium/mobilesdk/osx/5.1.2.GA/android/modules/titanium-analytics.jar" "/Users/adilarif1/Library/Application Support/Titanium/mobilesdk/osx/5.1.2.GA/android/aps-analytics.jar" "/Users/adilarif1/Library/Application Support/Titanium/mobilesdk/osx/5.1.2.GA/android/modules/titanium-android.jar" "/Users/adilarif1/Library/Application Support/Titanium/mobilesdk/osx/5.1.2.GA/android/jaxen-1.1.1.jar" "/Users/adilarif1/Library/Application Support/Titanium/mobilesdk/osx/5.1.2.GA/android/ti-commons-codec-1.3.jar" "/Users/adilarif1/Library/Application Support/Titanium/mobilesdk/osx/5.1.2.GA/android/kroll-common.jar" "/Users/adilarif1/Library/Application Support/Titanium/mobilesdk/osx/5.1.2.GA/android/titanium.jar" "/Users/adilarif1/Library/Application Support/Titanium/mobilesdk/osx/5.1.2.GA/android/modules/titanium-app.jar" "/Users/adilarif1/Library/Application Support/Titanium/mobilesdk/osx/5.1.2.GA/android/modules/titanium-ui.jar" "/Users/adilarif1/Library/Application Support/Titanium/mobilesdk/osx/5.1.2.GA/android/nineoldandroids-appc-2.4.0.jar" "/Users/adilarif1/Library/Application Support/Titanium/mobilesdk/osx/5.1.2.GA/android/modules/titanium-filesystem.jar" "/Users/adilarif1/Library/Application Support/Titanium/mobilesdk/osx/5.1.2.GA/android/modules/titanium-media.jar" "/Users/adilarif1/Library/Application Support/Titanium/mobilesdk/osx/5.1.2.GA/android/modules/titanium-appcompat.jar" "/Users/adilarif1/Library/Application Support/Titanium/mobilesdk/osx/5.1.2.GA/android/android-support-v4.jar" "/Users/adilarif1/Library/Application Support/Titanium/mobilesdk/osx/5.1.2.GA/android/android-support-v7-appcompat.jar" "/Users/adilarif1/Library/Application Support/Titanium/mobilesdk/osx/5.1.2.GA/android/modules/titanium-cardview.jar" "/Users/adilarif1/Library/Application Support/Titanium/mobilesdk/osx/5.1.2.GA/android/cardview-v7-23.0.1.jar" "/Users/adilarif1/Library/Application Support/Titanium/mobilesdk/osx/5.1.2.GA/android/modules/titanium-locale.jar" "/Users/adilarif1/Library/Application Support/Titanium/mobilesdk/osx/5.1.2.GA/android/modules/titanium-network.jar" "/Users/adilarif1/Library/Application Support/Titanium/mobilesdk/osx/5.1.2.GA/android/modules/titanium-xml.jar" "/Users/adilarif1/Library/Application Support/Titanium/mobilesdk/osx/5.1.2.GA/android/modules/titanium-platform.jar"
[INFO]   Creating unsigned apk
[DEBUG]  Processing /Users/adilarif1/Documents/Appcelerator_Studio_Workspace/lobby/build/android/bin/app.ap_
[DEBUG]  Deflating AndroidManifest.xml
[DEBUG]  Adding assets/Resources/KS_nav_ui.png
[DEBUG]  Adding assets/Resources/KS_nav_views.png
[DEBUG]  Adding assets/Resources/appicon.png
[DEBUG]  Adding assets/Resources/images/KS_nav_ui.png
[DEBUG]  Adding assets/Resources/images/KS_nav_views.png
[DEBUG]  Adding assets/Resources/images/arrow.png
[DEBUG]  Adding assets/Resources/images/fox1.jpg
[DEBUG]  Deflating assets/Resources/images/index.html
[DEBUG]  Adding assets/Resources/images/lobby.jpg
[DEBUG]  Adding assets/Resources/images/lobby1.jpg
[DEBUG]  Adding assets/Resources/images/lobby2.jpg
[DEBUG]  Adding assets/Resources/images/lobby3.jpg
[DEBUG]  Adding assets/Resources/images/lobby4.jpg
[DEBUG]  Adding assets/Resources/images/lobby5.jpg
[DEBUG]  Adding assets/Resources/images/lobby6.jpg
[DEBUG]  Adding assets/Resources/images/lobbyLogo.png
[DEBUG]  Adding assets/Resources/images/logo.png
[DEBUG]  Deflating assets/app.json
[DEBUG]  Deflating assets/index.json
[DEBUG]  Deflating res/anim/abc_fade_in.xml
[DEBUG]  Deflating res/anim/abc_fade_out.xml
[DEBUG]  Deflating res/anim/abc_grow_fade_in_from_bottom.xml
[DEBUG]  Deflating res/anim/abc_popup_enter.xml
[DEBUG]  Deflating res/anim/abc_popup_exit.xml
[DEBUG]  Deflating res/anim/abc_shrink_fade_out_from_bottom.xml
[DEBUG]  Deflating res/anim/abc_slide_in_bottom.xml
[DEBUG]  Deflating res/anim/abc_slide_in_top.xml
[DEBUG]  Deflating res/anim/abc_slide_out_bottom.xml
[DEBUG]  Deflating res/anim/abc_slide_out_top.xml
[DEBUG]  Deflating res/color-v11/abc_background_cache_hint_selector_material_dark.xml
[DEBUG]  Deflating res/color-v11/abc_background_cache_hint_selector_material_light.xml
[DEBUG]  Deflating res/color-v23/abc_color_highlight_material.xml
[DEBUG]  Deflating res/color/abc_background_cache_hint_selector_material_dark.xml
[DEBUG]  Deflating res/color/abc_background_cache_hint_selector_material_light.xml
[DEBUG]  Deflating res/color/abc_primary_text_disable_only_material_dark.xml
[DEBUG]  Deflating res/color/abc_primary_text_disable_only_material_light.xml
[DEBUG]  Deflating res/color/abc_primary_text_material_dark.xml
[DEBUG]  Deflating res/color/abc_primary_text_material_light.xml
[DEBUG]  Deflating res/color/abc_search_url_text.xml
[DEBUG]  Deflating res/color/abc_secondary_text_material_dark.xml
[DEBUG]  Deflating res/color/abc_secondary_text_material_light.xml
[DEBUG]  Deflating res/color/switch_thumb_material_dark.xml
[DEBUG]  Deflating res/color/switch_thumb_material_light.xml
[DEBUG]  Adding res/drawable-hdpi-v4/abc_ab_share_pack_mtrl_alpha.9.png
[DEBUG]  Adding res/drawable-hdpi-v4/abc_btn_check_to_on_mtrl_000.png
[DEBUG]  Adding res/drawable-hdpi-v4/abc_btn_check_to_on_mtrl_015.png
[DEBUG]  Adding res/drawable-hdpi-v4/abc_btn_radio_to_on_mtrl_000.png
[DEBUG]  Adding res/drawable-hdpi-v4/abc_btn_radio_to_on_mtrl_015.png
[DEBUG]  Adding res/drawable-hdpi-v4/abc_btn_rating_star_off_mtrl_alpha.png
[DEBUG]  Adding res/drawable-hdpi-v4/abc_btn_rating_star_on_mtrl_alpha.png
[DEBUG]  Adding res/drawable-hdpi-v4/abc_btn_switch_to_on_mtrl_00001.9.png
[DEBUG]  Adding res/drawable-hdpi-v4/abc_btn_switch_to_on_mtrl_00012.9.png
[DEBUG]  Adding res/drawable-hdpi-v4/abc_cab_background_top_mtrl_alpha.9.png
[DEBUG]  Adding res/drawable-hdpi-v4/abc_ic_ab_back_mtrl_am_alpha.png
[DEBUG]  Adding res/drawable-hdpi-v4/abc_ic_clear_mtrl_alpha.png
[DEBUG]  Adding res/drawable-hdpi-v4/abc_ic_commit_search_api_mtrl_alpha.png
[DEBUG]  Adding res/drawable-hdpi-v4/abc_ic_go_search_api_mtrl_alpha.png
[DEBUG]  Adding res/drawable-hdpi-v4/abc_ic_menu_copy_mtrl_am_alpha.png
[DEBUG]  Adding res/drawable-hdpi-v4/abc_ic_menu_cut_mtrl_alpha.png
[DEBUG]  Adding res/drawable-hdpi-v4/abc_ic_menu_moreoverflow_mtrl_alpha.png
[DEBUG]  Adding res/drawable-hdpi-v4/abc_ic_menu_paste_mtrl_am_alpha.png
[DEBUG]  Adding res/drawable-hdpi-v4/abc_ic_menu_selectall_mtrl_alpha.png
[DEBUG]  Adding res/drawable-hdpi-v4/abc_ic_menu_share_mtrl_alpha.png
[DEBUG]  Adding res/drawable-hdpi-v4/abc_ic_search_api_mtrl_alpha.png
[DEBUG]  Adding res/drawable-hdpi-v4/abc_ic_voice_search_api_mtrl_alpha.png
[DEBUG]  Adding res/drawable-hdpi-v4/abc_list_divider_mtrl_alpha.9.png
[DEBUG]  Adding res/drawable-hdpi-v4/abc_list_focused_holo.9.png
[DEBUG]  Adding res/drawable-hdpi-v4/abc_list_longpressed_holo.9.png
[DEBUG]  Adding res/drawable-hdpi-v4/abc_list_pressed_holo_dark.9.png
[DEBUG]  Adding res/drawable-hdpi-v4/abc_list_pressed_holo_light.9.png
[DEBUG]  Adding res/drawable-hdpi-v4/abc_list_selector_disabled_holo_dark.9.png
[DEBUG]  Adding res/drawable-hdpi-v4/abc_list_selector_disabled_holo_light.9.png
[DEBUG]  Adding res/drawable-hdpi-v4/abc_menu_hardkey_panel_mtrl_mult.9.png
[DEBUG]  Adding res/drawable-hdpi-v4/abc_popup_background_mtrl_mult.9.png
[DEBUG]  Adding res/drawable-hdpi-v4/abc_spinner_mtrl_am_alpha.9.png
[DEBUG]  Adding res/drawable-hdpi-v4/abc_switch_track_mtrl_alpha.9.png
[DEBUG]  Adding res/drawable-hdpi-v4/abc_tab_indicator_mtrl_alpha.9.png
[DEBUG]  Adding res/drawable-hdpi-v4/abc_textfield_activated_mtrl_alpha.9.png
[DEBUG]  Adding res/drawable-hdpi-v4/abc_textfield_default_mtrl_alpha.9.png
[DEBUG]  Adding res/drawable-hdpi-v4/abc_textfield_search_activated_mtrl_alpha.9.png
[DEBUG]  Adding res/drawable-hdpi-v4/abc_textfield_search_default_mtrl_alpha.9.png
[DEBUG]  Adding res/drawable-ldrtl-hdpi-v4/abc_ic_ab_back_mtrl_am_alpha.png
[DEBUG]  Adding res/drawable-ldrtl-hdpi-v4/abc_ic_menu_copy_mtrl_am_alpha.png
[DEBUG]  Adding res/drawable-ldrtl-hdpi-v4/abc_ic_menu_cut_mtrl_alpha.png
[DEBUG]  Adding res/drawable-ldrtl-hdpi-v4/abc_spinner_mtrl_am_alpha.9.png
[DEBUG]  Adding res/drawable-ldrtl-mdpi-v4/abc_ic_ab_back_mtrl_am_alpha.png
[DEBUG]  Adding res/drawable-ldrtl-mdpi-v4/abc_ic_menu_copy_mtrl_am_alpha.png
[DEBUG]  Adding res/drawable-ldrtl-mdpi-v4/abc_ic_menu_cut_mtrl_alpha.png
[DEBUG]  Adding res/drawable-ldrtl-mdpi-v4/abc_spinner_mtrl_am_alpha.9.png
[DEBUG]  Adding res/drawable-ldrtl-xhdpi-v4/abc_ic_ab_back_mtrl_am_alpha.png
[DEBUG]  Adding res/drawable-ldrtl-xhdpi-v4/abc_ic_menu_copy_mtrl_am_alpha.png
[DEBUG]  Adding res/drawable-ldrtl-xhdpi-v4/abc_ic_menu_cut_mtrl_alpha.png
[DEBUG]  Adding res/drawable-ldrtl-xhdpi-v4/abc_spinner_mtrl_am_alpha.9.png
[DEBUG]  Adding res/drawable-ldrtl-xxhdpi-v4/abc_ic_ab_back_mtrl_am_alpha.png
[DEBUG]  Adding res/drawable-ldrtl-xxhdpi-v4/abc_ic_menu_copy_mtrl_am_alpha.png
[DEBUG]  Adding res/drawable-ldrtl-xxhdpi-v4/abc_ic_menu_cut_mtrl_alpha.png
[DEBUG]  Adding res/drawable-ldrtl-xxhdpi-v4/abc_spinner_mtrl_am_alpha.9.png
[DEBUG]  Adding res/drawable-ldrtl-xxxhdpi-v4/abc_ic_ab_back_mtrl_am_alpha.png
[DEBUG]  Adding res/drawable-ldrtl-xxxhdpi-v4/abc_ic_menu_copy_mtrl_am_alpha.png
[DEBUG]  Adding res/drawable-ldrtl-xxxhdpi-v4/abc_ic_menu_cut_mtrl_alpha.png
[DEBUG]  Adding res/drawable-ldrtl-xxxhdpi-v4/abc_spinner_mtrl_am_alpha.9.png
[DEBUG]  Adding res/drawable-long-land-hdpi-v4/background.png
[DEBUG]  Adding res/drawable-long-land-ldpi-v4/background.png
[DEBUG]  Adding res/drawable-long-port-hdpi-v4/background.png
[DEBUG]  Adding res/drawable-long-port-ldpi-v4/background.png
[DEBUG]  Adding res/drawable-mdpi-v4/abc_ab_share_pack_mtrl_alpha.9.png
[DEBUG]  Adding res/drawable-mdpi-v4/abc_btn_check_to_on_mtrl_000.png
[DEBUG]  Adding res/drawable-mdpi-v4/abc_btn_check_to_on_mtrl_015.png
[DEBUG]  Adding res/drawable-mdpi-v4/abc_btn_radio_to_on_mtrl_000.png
[DEBUG]  Adding res/drawable-mdpi-v4/abc_btn_radio_to_on_mtrl_015.png
[DEBUG]  Adding res/drawable-mdpi-v4/abc_btn_rating_star_off_mtrl_alpha.png
[DEBUG]  Adding res/drawable-mdpi-v4/abc_btn_rating_star_on_mtrl_alpha.png
[DEBUG]  Adding res/drawable-mdpi-v4/abc_btn_switch_to_on_mtrl_00001.9.png
[DEBUG]  Adding res/drawable-mdpi-v4/abc_btn_switch_to_on_mtrl_00012.9.png
[DEBUG]  Adding res/drawable-mdpi-v4/abc_cab_background_top_mtrl_alpha.9.png
[DEBUG]  Adding res/drawable-mdpi-v4/abc_ic_ab_back_mtrl_am_alpha.png
[DEBUG]  Adding res/drawable-mdpi-v4/abc_ic_clear_mtrl_alpha.png
[DEBUG]  Adding res/drawable-mdpi-v4/abc_ic_commit_search_api_mtrl_alpha.png
[DEBUG]  Adding res/drawable-mdpi-v4/abc_ic_go_search_api_mtrl_alpha.png
[DEBUG]  Adding res/drawable-mdpi-v4/abc_ic_menu_copy_mtrl_am_alpha.png
[DEBUG]  Adding res/drawable-mdpi-v4/abc_ic_menu_cut_mtrl_alpha.png
[DEBUG]  Adding res/drawable-mdpi-v4/abc_ic_menu_moreoverflow_mtrl_alpha.png
[DEBUG]  Adding res/drawable-mdpi-v4/abc_ic_menu_paste_mtrl_am_alpha.png
[DEBUG]  Adding res/drawable-mdpi-v4/abc_ic_menu_selectall_mtrl_alpha.png
[DEBUG]  Adding res/drawable-mdpi-v4/abc_ic_menu_share_mtrl_alpha.png
[DEBUG]  Adding res/drawable-mdpi-v4/abc_ic_search_api_mtrl_alpha.png
[DEBUG]  Adding res/drawable-mdpi-v4/abc_ic_voice_search_api_mtrl_alpha.png
[DEBUG]  Adding res/drawable-mdpi-v4/abc_list_divider_mtrl_alpha.9.png
[DEBUG]  Adding res/drawable-mdpi-v4/abc_list_focused_holo.9.png
[DEBUG]  Adding res/drawable-mdpi-v4/abc_list_longpressed_holo.9.png
[DEBUG]  Adding res/drawable-mdpi-v4/abc_list_pressed_holo_dark.9.png
[DEBUG]  Adding res/drawable-mdpi-v4/abc_list_pressed_holo_light.9.png
[DEBUG]  Adding res/drawable-mdpi-v4/abc_list_selector_disabled_holo_dark.9.png
[DEBUG]  Adding res/drawable-mdpi-v4/abc_list_selector_disabled_holo_light.9.png
[DEBUG]  Adding res/drawable-mdpi-v4/abc_menu_hardkey_panel_mtrl_mult.9.png
[DEBUG]  Adding res/drawable-mdpi-v4/abc_popup_background_mtrl_mult.9.png
[DEBUG]  Adding res/drawable-mdpi-v4/abc_spinner_mtrl_am_alpha.9.png
[DEBUG]  Adding res/drawable-mdpi-v4/abc_switch_track_mtrl_alpha.9.png
[DEBUG]  Adding res/drawable-mdpi-v4/abc_tab_indicator_mtrl_alpha.9.png
[DEBUG]  Adding res/drawable-mdpi-v4/abc_textfield_activated_mtrl_alpha.9.png
[DEBUG]  Adding res/drawable-mdpi-v4/abc_textfield_default_mtrl_alpha.9.png
[DEBUG]  Adding res/drawable-mdpi-v4/abc_textfield_search_activated_mtrl_alpha.9.png
[DEBUG]  Adding res/drawable-mdpi-v4/abc_textfield_search_default_mtrl_alpha.9.png
[DEBUG]  Adding res/drawable-notlong-land-hdpi-v4/background.png
[DEBUG]  Adding res/drawable-notlong-land-ldpi-v4/background.png
[DEBUG]  Adding res/drawable-notlong-land-mdpi-v4/background.png
[DEBUG]  Adding res/drawable-notlong-port-hdpi-v4/background.png
[DEBUG]  Adding res/drawable-notlong-port-ldpi-v4/background.png
[DEBUG]  Adding res/drawable-notlong-port-mdpi-v4/background.png
[DEBUG]  Deflating res/drawable-v21/abc_action_bar_item_background_material.xml
[DEBUG]  Deflating res/drawable-v21/abc_btn_colored_material.xml
[DEBUG]  Deflating res/drawable-v23/abc_control_background_material.xml
[DEBUG]  Adding res/drawable-xhdpi-v4/abc_ab_share_pack_mtrl_alpha.9.png
[DEBUG]  Adding res/drawable-xhdpi-v4/abc_btn_check_to_on_mtrl_000.png
[DEBUG]  Adding res/drawable-xhdpi-v4/abc_btn_check_to_on_mtrl_015.png
[DEBUG]  Adding res/drawable-xhdpi-v4/abc_btn_radio_to_on_mtrl_000.png
[DEBUG]  Adding res/drawable-xhdpi-v4/abc_btn_radio_to_on_mtrl_015.png
[DEBUG]  Adding res/drawable-xhdpi-v4/abc_btn_rating_star_off_mtrl_alpha.png
[DEBUG]  Adding res/drawable-xhdpi-v4/abc_btn_rating_star_on_mtrl_alpha.png
[DEBUG]  Adding res/drawable-xhdpi-v4/abc_btn_switch_to_on_mtrl_00001.9.png
[DEBUG]  Adding res/drawable-xhdpi-v4/abc_btn_switch_to_on_mtrl_00012.9.png
[DEBUG]  Adding res/drawable-xhdpi-v4/abc_cab_background_top_mtrl_alpha.9.png
[DEBUG]  Adding res/drawable-xhdpi-v4/abc_ic_ab_back_mtrl_am_alpha.png
[DEBUG]  Adding res/drawable-xhdpi-v4/abc_ic_clear_mtrl_alpha.png
[DEBUG]  Adding res/drawable-xhdpi-v4/abc_ic_commit_search_api_mtrl_alpha.png
[DEBUG]  Adding res/drawable-xhdpi-v4/abc_ic_go_search_api_mtrl_alpha.png
[DEBUG]  Adding res/drawable-xhdpi-v4/abc_ic_menu_copy_mtrl_am_alpha.png
[DEBUG]  Adding res/drawable-xhdpi-v4/abc_ic_menu_cut_mtrl_alpha.png
[DEBUG]  Adding res/drawable-xhdpi-v4/abc_ic_menu_moreoverflow_mtrl_alpha.png
[DEBUG]  Adding res/drawable-xhdpi-v4/abc_ic_menu_paste_mtrl_am_alpha.png
[DEBUG]  Adding res/drawable-xhdpi-v4/abc_ic_menu_selectall_mtrl_alpha.png
[DEBUG]  Adding res/drawable-xhdpi-v4/abc_ic_menu_share_mtrl_alpha.png
[DEBUG]  Adding res/drawable-xhdpi-v4/abc_ic_search_api_mtrl_alpha.png
[DEBUG]  Adding res/drawable-xhdpi-v4/abc_ic_voice_search_api_mtrl_alpha.png
[DEBUG]  Adding res/drawable-xhdpi-v4/abc_list_divider_mtrl_alpha.9.png
[DEBUG]  Adding res/drawable-xhdpi-v4/abc_list_focused_holo.9.png
[DEBUG]  Adding res/drawable-xhdpi-v4/abc_list_longpressed_holo.9.png
[DEBUG]  Adding res/drawable-xhdpi-v4/abc_list_pressed_holo_dark.9.png
[DEBUG]  Adding res/drawable-xhdpi-v4/abc_list_pressed_holo_light.9.png
[DEBUG]  Adding res/drawable-xhdpi-v4/abc_list_selector_disabled_holo_dark.9.png
[DEBUG]  Adding res/drawable-xhdpi-v4/abc_list_selector_disabled_holo_light.9.png
[DEBUG]  Adding res/drawable-xhdpi-v4/abc_menu_hardkey_panel_mtrl_mult.9.png
[DEBUG]  Adding res/drawable-xhdpi-v4/abc_popup_background_mtrl_mult.9.png
[DEBUG]  Adding res/drawable-xhdpi-v4/abc_spinner_mtrl_am_alpha.9.png
[DEBUG]  Adding res/drawable-xhdpi-v4/abc_switch_track_mtrl_alpha.9.png
[DEBUG]  Adding res/drawable-xhdpi-v4/abc_tab_indicator_mtrl_alpha.9.png
[DEBUG]  Adding res/drawable-xhdpi-v4/abc_textfield_activated_mtrl_alpha.9.png
[DEBUG]  Adding res/drawable-xhdpi-v4/abc_textfield_default_mtrl_alpha.9.png
[DEBUG]  Adding res/drawable-xhdpi-v4/abc_textfield_search_activated_mtrl_alpha.9.png
[DEBUG]  Adding res/drawable-xhdpi-v4/abc_textfield_search_default_mtrl_alpha.9.png
[DEBUG]  Adding res/drawable-xxhdpi-v4/abc_ab_share_pack_mtrl_alpha.9.png
[DEBUG]  Adding res/drawable-xxhdpi-v4/abc_btn_check_to_on_mtrl_000.png
[DEBUG]  Adding res/drawable-xxhdpi-v4/abc_btn_check_to_on_mtrl_015.png
[DEBUG]  Adding res/drawable-xxhdpi-v4/abc_btn_radio_to_on_mtrl_000.png
[DEBUG]  Adding res/drawable-xxhdpi-v4/abc_btn_radio_to_on_mtrl_015.png
[DEBUG]  Adding res/drawable-xxhdpi-v4/abc_btn_rating_star_off_mtrl_alpha.png
[DEBUG]  Adding res/drawable-xxhdpi-v4/abc_btn_rating_star_on_mtrl_alpha.png
[DEBUG]  Adding res/drawable-xxhdpi-v4/abc_btn_switch_to_on_mtrl_00001.9.png
[DEBUG]  Adding res/drawable-xxhdpi-v4/abc_btn_switch_to_on_mtrl_00012.9.png
[DEBUG]  Adding res/drawable-xxhdpi-v4/abc_cab_background_top_mtrl_alpha.9.png
[DEBUG]  Adding res/drawable-xxhdpi-v4/abc_ic_ab_back_mtrl_am_alpha.png
[DEBUG]  Adding res/drawable-xxhdpi-v4/abc_ic_clear_mtrl_alpha.png
[DEBUG]  Adding res/drawable-xxhdpi-v4/abc_ic_commit_search_api_mtrl_alpha.png
[DEBUG]  Adding res/drawable-xxhdpi-v4/abc_ic_go_search_api_mtrl_alpha.png
[DEBUG]  Adding res/drawable-xxhdpi-v4/abc_ic_menu_copy_mtrl_am_alpha.png
[DEBUG]  Adding res/drawable-xxhdpi-v4/abc_ic_menu_cut_mtrl_alpha.png
[DEBUG]  Adding res/drawable-xxhdpi-v4/abc_ic_menu_moreoverflow_mtrl_alpha.png
[DEBUG]  Adding res/drawable-xxhdpi-v4/abc_ic_menu_paste_mtrl_am_alpha.png
[DEBUG]  Adding res/drawable-xxhdpi-v4/abc_ic_menu_selectall_mtrl_alpha.png
[DEBUG]  Adding res/drawable-xxhdpi-v4/abc_ic_menu_share_mtrl_alpha.png
[DEBUG]  Adding res/drawable-xxhdpi-v4/abc_ic_search_api_mtrl_alpha.png
[DEBUG]  Adding res/drawable-xxhdpi-v4/abc_ic_voice_search_api_mtrl_alpha.png
[DEBUG]  Adding res/drawable-xxhdpi-v4/abc_list_divider_mtrl_alpha.9.png
[DEBUG]  Adding res/drawable-xxhdpi-v4/abc_list_focused_holo.9.png
[DEBUG]  Adding res/drawable-xxhdpi-v4/abc_list_longpressed_holo.9.png
[DEBUG]  Adding res/drawable-xxhdpi-v4/abc_list_pressed_holo_dark.9.png
[DEBUG]  Adding res/drawable-xxhdpi-v4/abc_list_pressed_holo_light.9.png
[DEBUG]  Adding res/drawable-xxhdpi-v4/abc_list_selector_disabled_holo_dark.9.png
[DEBUG]  Adding res/drawable-xxhdpi-v4/abc_list_selector_disabled_holo_light.9.png
[DEBUG]  Adding res/drawable-xxhdpi-v4/abc_menu_hardkey_panel_mtrl_mult.9.png
[DEBUG]  Adding res/drawable-xxhdpi-v4/abc_popup_background_mtrl_mult.9.png
[DEBUG]  Adding res/drawable-xxhdpi-v4/abc_spinner_mtrl_am_alpha.9.png
[DEBUG]  Adding res/drawable-xxhdpi-v4/abc_switch_track_mtrl_alpha.9.png
[DEBUG]  Adding res/drawable-xxhdpi-v4/abc_tab_indicator_mtrl_alpha.9.png
[DEBUG]  Adding res/drawable-xxhdpi-v4/abc_textfield_activated_mtrl_alpha.9.png
[DEBUG]  Adding res/drawable-xxhdpi-v4/abc_textfield_default_mtrl_alpha.9.png
[DEBUG]  Adding res/drawable-xxhdpi-v4/abc_textfield_search_activated_mtrl_alpha.9.png
[DEBUG]  Adding res/drawable-xxhdpi-v4/abc_textfield_search_default_mtrl_alpha.9.png
[DEBUG]  Adding res/drawable-xxxhdpi-v4/abc_btn_check_to_on_mtrl_000.png
[DEBUG]  Adding res/drawable-xxxhdpi-v4/abc_btn_check_to_on_mtrl_015.png
[DEBUG]  Adding res/drawable-xxxhdpi-v4/abc_btn_radio_to_on_mtrl_000.png
[DEBUG]  Adding res/drawable-xxxhdpi-v4/abc_btn_radio_to_on_mtrl_015.png
[DEBUG]  Adding res/drawable-xxxhdpi-v4/abc_btn_switch_to_on_mtrl_00001.9.png
[DEBUG]  Adding res/drawable-xxxhdpi-v4/abc_btn_switch_to_on_mtrl_00012.9.png
[DEBUG]  Adding res/drawable-xxxhdpi-v4/abc_ic_ab_back_mtrl_am_alpha.png
[DEBUG]  Adding res/drawable-xxxhdpi-v4/abc_ic_clear_mtrl_alpha.png
[DEBUG]  Adding res/drawable-xxxhdpi-v4/abc_ic_menu_copy_mtrl_am_alpha.png
[DEBUG]  Adding res/drawable-xxxhdpi-v4/abc_ic_menu_cut_mtrl_alpha.png
[DEBUG]  Adding res/drawable-xxxhdpi-v4/abc_ic_menu_moreoverflow_mtrl_alpha.png
[DEBUG]  Adding res/drawable-xxxhdpi-v4/abc_ic_menu_paste_mtrl_am_alpha.png
[DEBUG]  Adding res/drawable-xxxhdpi-v4/abc_ic_menu_selectall_mtrl_alpha.png
[DEBUG]  Adding res/drawable-xxxhdpi-v4/abc_ic_menu_share_mtrl_alpha.png
[DEBUG]  Adding res/drawable-xxxhdpi-v4/abc_ic_search_api_mtrl_alpha.png
[DEBUG]  Adding res/drawable-xxxhdpi-v4/abc_ic_voice_search_api_mtrl_alpha.png
[DEBUG]  Adding res/drawable-xxxhdpi-v4/abc_spinner_mtrl_am_alpha.9.png
[DEBUG]  Adding res/drawable-xxxhdpi-v4/abc_switch_track_mtrl_alpha.9.png
[DEBUG]  Adding res/drawable-xxxhdpi-v4/abc_tab_indicator_mtrl_alpha.9.png
[DEBUG]  Deflating res/drawable/abc_btn_borderless_material.xml
[DEBUG]  Deflating res/drawable/abc_btn_check_material.xml
[DEBUG]  Deflating res/drawable/abc_btn_colored_material.xml
[DEBUG]  Deflating res/drawable/abc_btn_default_mtrl_shape.xml
[DEBUG]  Deflating res/drawable/abc_btn_radio_material.xml
[DEBUG]  Deflating res/drawable/abc_cab_background_internal_bg.xml
[DEBUG]  Deflating res/drawable/abc_cab_background_top_material.xml
[DEBUG]  Deflating res/drawable/abc_dialog_material_background_dark.xml
[DEBUG]  Deflating res/drawable/abc_dialog_material_background_light.xml
[DEBUG]  Deflating res/drawable/abc_edit_text_material.xml
[DEBUG]  Deflating res/drawable/abc_item_background_holo_dark.xml
[DEBUG]  Deflating res/drawable/abc_item_background_holo_light.xml
[DEBUG]  Deflating res/drawable/abc_list_selector_background_transition_holo_dark.xml
[DEBUG]  Deflating res/drawable/abc_list_selector_background_transition_holo_light.xml
[DEBUG]  Deflating res/drawable/abc_list_selector_holo_dark.xml
[DEBUG]  Deflating res/drawable/abc_list_selector_holo_light.xml
[DEBUG]  Deflating res/drawable/abc_ratingbar_full_material.xml
[DEBUG]  Deflating res/drawable/abc_spinner_textfield_background_material.xml
[DEBUG]  Deflating res/drawable/abc_switch_thumb_material.xml
[DEBUG]  Deflating res/drawable/abc_tab_indicator_material.xml
[DEBUG]  Deflating res/drawable/abc_text_cursor_material.xml
[DEBUG]  Deflating res/drawable/abc_textfield_search_material.xml
[DEBUG]  Adding res/drawable/appicon.png
[DEBUG]  Adding res/drawable/background.png
[DEBUG]  Adding res/drawable/btn_check_buttonless_on_64.png
[DEBUG]  Adding res/drawable/btn_more_64.png
[DEBUG]  Adding res/drawable/disclosure_64.png
[DEBUG]  Deflating res/layout-v17/abc_alert_dialog_material.xml
[DEBUG]  Deflating res/layout-v17/abc_dialog_title_material.xml
[DEBUG]  Deflating res/layout-v17/abc_search_view.xml
[DEBUG]  Deflating res/layout-v17/notification_template_big_media.xml
[DEBUG]  Deflating res/layout-v17/notification_template_big_media_narrow.xml
[DEBUG]  Deflating res/layout-v17/notification_template_lines.xml
[DEBUG]  Deflating res/layout-v17/notification_template_media.xml
[DEBUG]  Deflating res/layout-v17/notification_template_part_chronometer.xml
[DEBUG]  Deflating res/layout-v17/notification_template_part_time.xml
[DEBUG]  Deflating res/layout-v21/abc_screen_toolbar.xml
[DEBUG]  Deflating res/layout-v21/titanium_ui_date_picker_spinner.xml
[DEBUG]  Deflating res/layout-v21/titanium_ui_time_picker_spinner.xml
[DEBUG]  Deflating res/layout/abc_action_bar_title_item.xml
[DEBUG]  Deflating res/layout/abc_action_bar_up_container.xml
[DEBUG]  Deflating res/layout/abc_action_bar_view_list_nav_layout.xml
[DEBUG]  Deflating res/layout/abc_action_menu_item_layout.xml
[DEBUG]  Deflating res/layout/abc_action_menu_layout.xml
[DEBUG]  Deflating res/layout/abc_action_mode_bar.xml
[DEBUG]  Deflating res/layout/abc_action_mode_close_item_material.xml
[DEBUG]  Deflating res/layout/abc_activity_chooser_view.xml
[DEBUG]  Deflating res/layout/abc_activity_chooser_view_list_item.xml
[DEBUG]  Deflating res/layout/abc_alert_dialog_material.xml
[DEBUG]  Deflating res/layout/abc_dialog_title_material.xml
[DEBUG]  Deflating res/layout/abc_expanded_menu_layout.xml
[DEBUG]  Deflating res/layout/abc_list_menu_item_checkbox.xml
[DEBUG]  Deflating res/layout/abc_list_menu_item_icon.xml
[DEBUG]  Deflating res/layout/abc_list_menu_item_layout.xml
[DEBUG]  Deflating res/layout/abc_list_menu_item_radio.xml
[DEBUG]  Deflating res/layout/abc_popup_menu_item_layout.xml
[DEBUG]  Deflating res/layout/abc_screen_content_include.xml
[DEBUG]  Deflating res/layout/abc_screen_simple.xml
[DEBUG]  Deflating res/layout/abc_screen_simple_overlay_action_mode.xml
[DEBUG]  Deflating res/layout/abc_screen_toolbar.xml
[DEBUG]  Deflating res/layout/abc_search_dropdown_item_icons_2line.xml
[DEBUG]  Deflating res/layout/abc_search_view.xml
[DEBUG]  Deflating res/layout/abc_select_dialog_material.xml
[DEBUG]  Deflating res/layout/notification_media_action.xml
[DEBUG]  Deflating res/layout/notification_media_cancel_action.xml
[DEBUG]  Deflating res/layout/notification_template_big_media.xml
[DEBUG]  Deflating res/layout/notification_template_big_media_narrow.xml
[DEBUG]  Deflating res/layout/notification_template_lines.xml
[DEBUG]  Deflating res/layout/notification_template_media.xml
[DEBUG]  Deflating res/layout/notification_template_part_chronometer.xml
[DEBUG]  Deflating res/layout/notification_template_part_time.xml
[DEBUG]  Deflating res/layout/select_dialog_item_material.xml
[DEBUG]  Deflating res/layout/select_dialog_multichoice_material.xml
[DEBUG]  Deflating res/layout/select_dialog_singlechoice_material.xml
[DEBUG]  Deflating res/layout/support_simple_spinner_dropdown_item.xml
[DEBUG]  Deflating res/layout/titanium_tabgroup.xml
[DEBUG]  Deflating res/layout/titanium_ui_checkbox.xml
[DEBUG]  Deflating res/layout/titanium_ui_date_picker_spinner.xml
[DEBUG]  Deflating res/layout/titanium_ui_edittext.xml
[DEBUG]  Deflating res/layout/titanium_ui_list_header_or_footer.xml
[DEBUG]  Deflating res/layout/titanium_ui_list_item.xml
[DEBUG]  Deflating res/layout/titanium_ui_spinner.xml
[DEBUG]  Deflating res/layout/titanium_ui_switchcompat.xml
[DEBUG]  Deflating res/layout/titanium_ui_time_picker_spinner.xml
[DEBUG]  Deflating resources.arsc
[DEBUG]  Processing /Users/adilarif1/Library/Application Support/Titanium/mobilesdk/osx/5.1.2.GA/android/kroll-v8.jar
[DEBUG]  Processing /Users/adilarif1/Library/Application Support/Titanium/mobilesdk/osx/5.1.2.GA/android/modules/titanium-analytics.jar
[DEBUG]  Processing /Users/adilarif1/Library/Application Support/Titanium/mobilesdk/osx/5.1.2.GA/android/aps-analytics.jar
[DEBUG]  Processing /Users/adilarif1/Library/Application Support/Titanium/mobilesdk/osx/5.1.2.GA/android/modules/titanium-android.jar
[DEBUG]  Processing /Users/adilarif1/Library/Application Support/Titanium/mobilesdk/osx/5.1.2.GA/android/jaxen-1.1.1.jar
[DEBUG]  Processing /Users/adilarif1/Library/Application Support/Titanium/mobilesdk/osx/5.1.2.GA/android/ti-commons-codec-1.3.jar
[DEBUG]  Processing /Users/adilarif1/Library/Application Support/Titanium/mobilesdk/osx/5.1.2.GA/android/kroll-common.jar
[DEBUG]  Processing /Users/adilarif1/Library/Application Support/Titanium/mobilesdk/osx/5.1.2.GA/android/titanium.jar
[DEBUG]  Deflating org/appcelerator/titanium/build.properties
[DEBUG]  Adding org/appcelerator/titanium/res/drawable/background.png
[DEBUG]  Adding org/appcelerator/titanium/res/drawable/btn_check_buttonless_on.png
[DEBUG]  Adding org/appcelerator/titanium/res/drawable/btn_check_buttonless_on_100.png
[DEBUG]  Adding org/appcelerator/titanium/res/drawable/btn_check_buttonless_on_18.png
[DEBUG]  Adding org/appcelerator/titanium/res/drawable/btn_check_buttonless_on_48.png
[DEBUG]  Adding org/appcelerator/titanium/res/drawable/btn_check_buttonless_on_64.png
[DEBUG]  Adding org/appcelerator/titanium/res/drawable/btn_more.png
[DEBUG]  Adding org/appcelerator/titanium/res/drawable/btn_more_100.png
[DEBUG]  Adding org/appcelerator/titanium/res/drawable/btn_more_18.png
[DEBUG]  Adding org/appcelerator/titanium/res/drawable/btn_more_48.png
[DEBUG]  Adding org/appcelerator/titanium/res/drawable/btn_more_64.png
[DEBUG]  Adding org/appcelerator/titanium/res/drawable/btn_picker_normal.9.png
[DEBUG]  Adding org/appcelerator/titanium/res/drawable/btn_picker_pressed.9.png
[DEBUG]  Adding org/appcelerator/titanium/res/drawable/btn_picker_selected.9.png
[DEBUG]  Adding org/appcelerator/titanium/res/drawable/default_icon.png
[DEBUG]  Adding org/appcelerator/titanium/res/drawable/photoDefault.png
[DEBUG]  Processing /Users/adilarif1/Library/Application Support/Titanium/mobilesdk/osx/5.1.2.GA/android/modules/titanium-app.jar
[DEBUG]  Processing /Users/adilarif1/Library/Application Support/Titanium/mobilesdk/osx/5.1.2.GA/android/modules/titanium-ui.jar
[DEBUG]  Deflating ti/modules/titanium/ui/widget/webview/binding.js
[DEBUG]  Deflating ti/modules/titanium/ui/widget/webview/binding.min.js
[DEBUG]  Deflating ti/modules/titanium/ui/widget/webview/json2.js
[DEBUG]  Deflating ti/modules/titanium/ui/widget/webview/polling.js
[DEBUG]  Deflating ti/modules/titanium/ui/widget/webview/polling.min.js
[DEBUG]  Processing /Users/adilarif1/Library/Application Support/Titanium/mobilesdk/osx/5.1.2.GA/android/nineoldandroids-appc-2.4.0.jar
[DEBUG]  Processing /Users/adilarif1/Library/Application Support/Titanium/mobilesdk/osx/5.1.2.GA/android/modules/titanium-filesystem.jar
[DEBUG]  Processing /Users/adilarif1/Library/Application Support/Titanium/mobilesdk/osx/5.1.2.GA/android/modules/titanium-media.jar
[DEBUG]  Processing /Users/adilarif1/Library/Application Support/Titanium/mobilesdk/osx/5.1.2.GA/android/modules/titanium-appcompat.jar
[DEBUG]  Processing /Users/adilarif1/Library/Application Support/Titanium/mobilesdk/osx/5.1.2.GA/android/android-support-v4.jar
[DEBUG]  Processing /Users/adilarif1/Library/Application Support/Titanium/mobilesdk/osx/5.1.2.GA/android/android-support-v7-appcompat.jar
[DEBUG]  Processing /Users/adilarif1/Library/Application Support/Titanium/mobilesdk/osx/5.1.2.GA/android/modules/titanium-cardview.jar
[DEBUG]  Processing /Users/adilarif1/Library/Application Support/Titanium/mobilesdk/osx/5.1.2.GA/android/cardview-v7-23.0.1.jar
[DEBUG]  Processing /Users/adilarif1/Library/Application Support/Titanium/mobilesdk/osx/5.1.2.GA/android/modules/titanium-locale.jar
[DEBUG]  Processing /Users/adilarif1/Library/Application Support/Titanium/mobilesdk/osx/5.1.2.GA/android/modules/titanium-network.jar
[DEBUG]  Processing /Users/adilarif1/Library/Application Support/Titanium/mobilesdk/osx/5.1.2.GA/android/modules/titanium-xml.jar
[DEBUG]  Processing /Users/adilarif1/Library/Application Support/Titanium/mobilesdk/osx/5.1.2.GA/android/modules/titanium-platform.jar
[DEBUG]  Adding classes.dex
[INFO]   Processing /Users/adilarif1/Documents/Appcelerator_Studio_Workspace/lobby/build/android/src
[DEBUG]  Adding lib/armeabi/libkroll-v8.so
[DEBUG]  Adding lib/armeabi/libstlport_shared.so
[DEBUG]  Adding lib/armeabi/libtiverify.so
[DEBUG]  Adding lib/armeabi-v7a/libkroll-v8.so
[DEBUG]  Adding lib/armeabi-v7a/libstlport_shared.so
[DEBUG]  Adding lib/armeabi-v7a/libtiverify.so
[DEBUG]  Adding lib/x86/libkroll-v8.so
[DEBUG]  Adding lib/x86/libstlport_shared.so
[DEBUG]  Adding lib/x86/libtiverify.so
[INFO]   Writing unsigned apk: /Users/adilarif1/Documents/Appcelerator_Studio_Workspace/lobby/build/android/bin/app-unsigned.apk
[INFO]   Using MD5withRSA signature algorithm
[INFO]   Signing apk: /Library/Java/JavaVirtualMachines/jdk1.7.0_80.jdk/Contents/Home/bin/jarsigner "-sigalg" "MD5withRSA" "-digestalg" "SHA1" "-keystore" "/Users/adilarif1/Library/Application Support/Titanium/mobilesdk/osx/5.1.2.GA/android/dev_keystore" "-storepass" "*******" "-signedjar" "/Users/adilarif1/Documents/Appcelerator_Studio_Workspace/lobby/build/android/bin/lobby.apk" "/Users/adilarif1/Documents/Appcelerator_Studio_Workspace/lobby/build/android/bin/app-unsigned.apk" "tidev"
[INFO]   Aligning zip file: /Users/adilarif1/Library/android-sdk-macosx/build-tools/23.0.1/zipalign "-v" "4" "/Users/adilarif1/Documents/Appcelerator_Studio_Workspace/lobby/build/android/bin/lobby.apk" "/Users/adilarif1/Documents/Appcelerator_Studio_Workspace/lobby/build/android/bin/lobby.apkz"
[INFO]   Writing build manifest: /Users/adilarif1/Documents/Appcelerator_Studio_Workspace/lobby/build/android/build-manifest.json
[INFO]   Making sure the adb server is running
[INFO]   Installing apk: /Users/adilarif1/Documents/Appcelerator_Studio_Workspace/lobby/build/android/bin/lobby.apk
[INFO]   Installing app on device: Amazon
[TRACE]  Checking if package manager service is started
[TRACE]  Package manager has started
[TRACE]  Executing: /Users/adilarif1/Library/android-sdk-macosx/platform-tools/adb -s 00DA080743810AAQ install -r /Users/adilarif1/Documents/Appcelerator_Studio_Workspace/lobby/build/android/bin/lobby.apk
[INFO]   App successfully installed
[INFO]   Starting app: com.lobby/.LobbyActivity
[DEBUG]  Trying to start the app...
[INFO]   Application pid: 20409
[INFO]   Project built successfully in 1m 42s 252ms
